{
                    "app": "Crmeb",
                    "timestamp":"2024-01-14 12:08:24.006",
                    "level": "INFO",
                    "thread": "main",
                    "class": "com.zbkj.admin.CrmebAdminApplication",
                    "message": "Starting CrmebAdminApplication on yhec-book with PID 3808 (D:\code\crmeb_java1\crmeb\crmeb-admin\target\classes started by yhc in D:\code\crmeb_java1)" }
                    
{
                    "app": "Crmeb",
                    "timestamp":"2024-01-14 12:08:24.036",
                    "level": "INFO",
                    "thread": "main",
                    "class": "com.zbkj.admin.CrmebAdminApplication",
                    "message": "No active profile set, falling back to default profiles: default" }
                    
{
                    "app": "Crmeb",
                    "timestamp":"2024-01-14 12:08:26.534",
                    "level": "INFO",
                    "thread": "main",
                    "class": "o.s.d.r.c.RepositoryConfigurationDelegate",
                    "message": "Multiple Spring Data modules found, entering strict repository configuration mode!" }
                    
{
                    "app": "Crmeb",
                    "timestamp":"2024-01-14 12:08:26.538",
                    "level": "INFO",
                    "thread": "main",
                    "class": "o.s.d.r.c.RepositoryConfigurationDelegate",
                    "message": "Bootstrapping Spring Data Redis repositories in DEFAULT mode." }
                    
{
                    "app": "Crmeb",
                    "timestamp":"2024-01-14 12:08:26.586",
                    "level": "INFO",
                    "thread": "main",
                    "class": "o.s.d.r.c.RepositoryConfigurationDelegate",
                    "message": "Finished Spring Data repository scanning in 21ms. Found 0 Redis repository interfaces." }
                    
{
                    "app": "Crmeb",
                    "timestamp":"2024-01-14 12:08:27.356",
                    "level": "INFO",
                    "thread": "main",
                    "class": "o.s.c.s.PostProcessorRegistrationDelegate$BeanPostProcessorChecker",
                    "message": "Bean 'org.springframework.security.config.annotation.configuration.ObjectPostProcessorConfiguration' of type [org.springframework.security.config.annotation.configuration.ObjectPostProcessorConfiguration] is not eligible for getting processed by all BeanPostProcessors (for example: not eligible for auto-proxying)" }
                    
{
                    "app": "Crmeb",
                    "timestamp":"2024-01-14 12:08:27.366",
                    "level": "INFO",
                    "thread": "main",
                    "class": "o.s.c.s.PostProcessorRegistrationDelegate$BeanPostProcessorChecker",
                    "message": "Bean 'objectPostProcessor' of type [org.springframework.security.config.annotation.configuration.AutowireBeanFactoryObjectPostProcessor] is not eligible for getting processed by all BeanPostProcessors (for example: not eligible for auto-proxying)" }
                    
{
                    "app": "Crmeb",
                    "timestamp":"2024-01-14 12:08:27.370",
                    "level": "INFO",
                    "thread": "main",
                    "class": "o.s.c.s.PostProcessorRegistrationDelegate$BeanPostProcessorChecker",
                    "message": "Bean 'org.springframework.security.access.expression.method.DefaultMethodSecurityExpressionHandler@569348e1' of type [org.springframework.security.access.expression.method.DefaultMethodSecurityExpressionHandler] is not eligible for getting processed by all BeanPostProcessors (for example: not eligible for auto-proxying)" }
                    
{
                    "app": "Crmeb",
                    "timestamp":"2024-01-14 12:08:27.372",
                    "level": "INFO",
                    "thread": "main",
                    "class": "o.s.c.s.PostProcessorRegistrationDelegate$BeanPostProcessorChecker",
                    "message": "Bean 'org.springframework.security.config.annotation.method.configuration.GlobalMethodSecurityConfiguration' of type [org.springframework.security.config.annotation.method.configuration.GlobalMethodSecurityConfiguration] is not eligible for getting processed by all BeanPostProcessors (for example: not eligible for auto-proxying)" }
                    
{
                    "app": "Crmeb",
                    "timestamp":"2024-01-14 12:08:27.382",
                    "level": "INFO",
                    "thread": "main",
                    "class": "o.s.c.s.PostProcessorRegistrationDelegate$BeanPostProcessorChecker",
                    "message": "Bean 'methodSecurityMetadataSource' of type [org.springframework.security.access.method.DelegatingMethodSecurityMetadataSource] is not eligible for getting processed by all BeanPostProcessors (for example: not eligible for auto-proxying)" }
                    
{
                    "app": "Crmeb",
                    "timestamp":"2024-01-14 12:08:27.765",
                    "level": "INFO",
                    "thread": "main",
                    "class": "o.s.b.w.embedded.tomcat.TomcatWebServer",
                    "message": "Tomcat initialized with port(s): 8008 (http)" }
                    
{
                    "app": "Crmeb",
                    "timestamp":"2024-01-14 12:08:27.779",
                    "level": "INFO",
                    "thread": "main",
                    "class": "o.apache.coyote.http11.Http11NioProtocol",
                    "message": "Initializing ProtocolHandler ["http-nio-8008"]" }
                    
{
                    "app": "Crmeb",
                    "timestamp":"2024-01-14 12:08:27.780",
                    "level": "INFO",
                    "thread": "main",
                    "class": "org.apache.catalina.core.StandardService",
                    "message": "Starting service [Tomcat]" }
                    
{
                    "app": "Crmeb",
                    "timestamp":"2024-01-14 12:08:27.780",
                    "level": "INFO",
                    "thread": "main",
                    "class": "org.apache.catalina.core.StandardEngine",
                    "message": "Starting Servlet engine: [Apache Tomcat/9.0.33]" }
                    
{
                    "app": "Crmeb",
                    "timestamp":"2024-01-14 12:08:28.151",
                    "level": "INFO",
                    "thread": "main",
                    "class": "org.apache.jasper.servlet.TldScanner",
                    "message": "At least one JAR was scanned for TLDs yet contained no TLDs. Enable debug logging for this logger for a complete list of JARs that were scanned but no TLDs were found in them. Skipping unneeded JARs during scanning can improve startup time and JSP compilation time." }
                    
{
                    "app": "Crmeb",
                    "timestamp":"2024-01-14 12:08:28.159",
                    "level": "INFO",
                    "thread": "main",
                    "class": "o.a.c.c.C.[Tomcat].[localhost].[/]",
                    "message": "Initializing Spring embedded WebApplicationContext" }
                    
{
                    "app": "Crmeb",
                    "timestamp":"2024-01-14 12:08:28.160",
                    "level": "INFO",
                    "thread": "main",
                    "class": "o.s.web.context.ContextLoader",
                    "message": "Root WebApplicationContext: initialization completed in 4010 ms" }
                    
{
                    "app": "Crmeb",
                    "timestamp":"2024-01-14 12:08:33.734",
                    "level": "INFO",
                    "thread": "main",
                    "class": "o.s.b.a.e.web.EndpointLinksResolver",
                    "message": "Exposing 2 endpoint(s) beneath base path '/actuator'" }
                    
{
                    "app": "Crmeb",
                    "timestamp":"2024-01-14 12:08:33.846",
                    "level": "INFO",
                    "thread": "main",
                    "class": "s.d.s.w.PropertySourcedRequestMappingHandlerMapping",
                    "message": "Mapped URL path [/v2/api-docs] onto method [springfox.documentation.swagger2.web.Swagger2Controller#getDocumentation(String, HttpServletRequest)]" }
                    
{
                    "app": "Crmeb",
                    "timestamp":"2024-01-14 12:08:34.041",
                    "level": "INFO",
                    "thread": "main",
                    "class": "o.s.s.concurrent.ThreadPoolTaskExecutor",
                    "message": "Initializing ExecutorService" }
                    
{
                    "app": "Crmeb",
                    "timestamp":"2024-01-14 12:08:34.043",
                    "level": "INFO",
                    "thread": "main",
                    "class": "o.s.s.concurrent.ThreadPoolTaskExecutor",
                    "message": "Initializing ExecutorService 'taskExecutor'" }
                    
{
                    "app": "Crmeb",
                    "timestamp":"2024-01-14 12:08:34.241",
                    "level": "INFO",
                    "thread": "main",
                    "class": "o.s.s.web.DefaultSecurityFilterChain",
                    "message": "Creating filter chain: any request, [org.springframework.security.web.context.request.async.WebAsyncManagerIntegrationFilter@706690e1, org.springframework.security.web.context.SecurityContextPersistenceFilter@1c06f19c, org.springframework.security.web.header.HeaderWriterFilter@3c9c91e3, org.springframework.web.filter.CorsFilter@3041beb3, org.springframework.web.filter.CorsFilter@3041beb3, org.springframework.web.filter.CorsFilter@3041beb3, org.springframework.security.web.authentication.logout.LogoutFilter@3c74d846, com.zbkj.admin.filter.JwtAuthenticationTokenFilter@58f290bc, org.springframework.security.web.savedrequest.RequestCacheAwareFilter@7aaf6bfd, org.springframework.security.web.servletapi.SecurityContextHolderAwareRequestFilter@563392e5, org.springframework.security.web.authentication.AnonymousAuthenticationFilter@3663af34, org.springframework.security.web.session.SessionManagementFilter@46d18a33, org.springframework.security.web.access.ExceptionTranslationFilter@43e30f15, org.springframework.security.web.access.intercept.FilterSecurityInterceptor@1a390b8c]" }
                    
{
                    "app": "Crmeb",
                    "timestamp":"2024-01-14 12:08:35.105",
                    "level": "INFO",
                    "thread": "main",
                    "class": "s.d.s.w.p.DocumentationPluginsBootstrapper",
                    "message": "Context refreshed" }
                    
{
                    "app": "Crmeb",
                    "timestamp":"2024-01-14 12:08:35.132",
                    "level": "INFO",
                    "thread": "main",
                    "class": "s.d.s.w.p.DocumentationPluginsBootstrapper",
                    "message": "Found 2 custom documentation plugin(s)" }
                    
{
                    "app": "Crmeb",
                    "timestamp":"2024-01-14 12:08:35.188",
                    "level": "INFO",
                    "thread": "main",
                    "class": "s.d.s.w.s.ApiListingReferenceScanner",
                    "message": "Scanning for api listing references" }
                    
{
                    "app": "Crmeb",
                    "timestamp":"2024-01-14 12:08:35.466",
                    "level": "INFO",
                    "thread": "main",
                    "class": "s.d.s.w.r.o.CachingOperationNameGenerator",
                    "message": "Generating unique operation named: deleteUsingGET_1" }
                    
{
                    "app": "Crmeb",
                    "timestamp":"2024-01-14 12:08:35.479",
                    "level": "INFO",
                    "thread": "main",
                    "class": "s.d.s.w.r.o.CachingOperationNameGenerator",
                    "message": "Generating unique operation named: getByIdsUsingGET_1" }
                    
{
                    "app": "Crmeb",
                    "timestamp":"2024-01-14 12:08:35.491",
                    "level": "INFO",
                    "thread": "main",
                    "class": "s.d.s.w.r.o.CachingOperationNameGenerator",
                    "message": "Generating unique operation named: getListUsingGET_1" }
                    
{
                    "app": "Crmeb",
                    "timestamp":"2024-01-14 12:08:35.506",
                    "level": "INFO",
                    "thread": "main",
                    "class": "s.d.s.w.r.o.CachingOperationNameGenerator",
                    "message": "Generating unique operation named: infoUsingGET_1" }
                    
{
                    "app": "Crmeb",
                    "timestamp":"2024-01-14 12:08:35.519",
                    "level": "INFO",
                    "thread": "main",
                    "class": "s.d.s.w.r.o.CachingOperationNameGenerator",
                    "message": "Generating unique operation named: saveUsingPOST_1" }
                    
{
                    "app": "Crmeb",
                    "timestamp":"2024-01-14 12:08:35.521",
                    "level": "INFO",
                    "thread": "main",
                    "class": "s.d.s.w.r.o.CachingOperationNameGenerator",
                    "message": "Generating unique operation named: updateUsingPOST_1" }
                    
{
                    "app": "Crmeb",
                    "timestamp":"2024-01-14 12:08:35.551",
                    "level": "INFO",
                    "thread": "main",
                    "class": "s.d.s.w.r.o.CachingOperationNameGenerator",
                    "message": "Generating unique operation named: getListUsingGET_2" }
                    
{
                    "app": "Crmeb",
                    "timestamp":"2024-01-14 12:08:35.554",
                    "level": "INFO",
                    "thread": "main",
                    "class": "s.d.s.w.r.o.CachingOperationNameGenerator",
                    "message": "Generating unique operation named: infoUsingGET_2" }
                    
{
                    "app": "Crmeb",
                    "timestamp":"2024-01-14 12:08:35.579",
                    "level": "INFO",
                    "thread": "main",
                    "class": "s.d.s.w.r.o.CachingOperationNameGenerator",
                    "message": "Generating unique operation named: updateUsingPOST_2" }
                    
{
                    "app": "Crmeb",
                    "timestamp":"2024-01-14 12:08:35.585",
                    "level": "INFO",
                    "thread": "main",
                    "class": "s.d.s.w.r.o.CachingOperationNameGenerator",
                    "message": "Generating unique operation named: updateUsingPOST_3" }
                    
{
                    "app": "Crmeb",
                    "timestamp":"2024-01-14 12:08:35.606",
                    "level": "INFO",
                    "thread": "main",
                    "class": "s.d.s.w.r.o.CachingOperationNameGenerator",
                    "message": "Generating unique operation named: getListUsingGET_3" }
                    
{
                    "app": "Crmeb",
                    "timestamp":"2024-01-14 12:08:35.662",
                    "level": "INFO",
                    "thread": "main",
                    "class": "s.d.s.w.r.o.CachingOperationNameGenerator",
                    "message": "Generating unique operation named: updatePhoneUsingPOST_1" }
                    
{
                    "app": "Crmeb",
                    "timestamp":"2024-01-14 12:08:35.666",
                    "level": "INFO",
                    "thread": "main",
                    "class": "s.d.s.w.r.o.CachingOperationNameGenerator",
                    "message": "Generating unique operation named: deleteUsingGET_2" }
                    
{
                    "app": "Crmeb",
                    "timestamp":"2024-01-14 12:08:35.673",
                    "level": "INFO",
                    "thread": "main",
                    "class": "s.d.s.w.r.o.CachingOperationNameGenerator",
                    "message": "Generating unique operation named: getListUsingGET_4" }
                    
{
                    "app": "Crmeb",
                    "timestamp":"2024-01-14 12:08:35.676",
                    "level": "INFO",
                    "thread": "main",
                    "class": "s.d.s.w.r.o.CachingOperationNameGenerator",
                    "message": "Generating unique operation named: infoUsingGET_3" }
                    
{
                    "app": "Crmeb",
                    "timestamp":"2024-01-14 12:08:35.687",
                    "level": "INFO",
                    "thread": "main",
                    "class": "s.d.s.w.r.o.CachingOperationNameGenerator",
                    "message": "Generating unique operation named: saveUsingPOST_2" }
                    
{
                    "app": "Crmeb",
                    "timestamp":"2024-01-14 12:08:35.690",
                    "level": "INFO",
                    "thread": "main",
                    "class": "s.d.s.w.r.o.CachingOperationNameGenerator",
                    "message": "Generating unique operation named: updateUsingPOST_4" }
                    
{
                    "app": "Crmeb",
                    "timestamp":"2024-01-14 12:08:35.696",
                    "level": "INFO",
                    "thread": "main",
                    "class": "s.d.s.w.r.o.CachingOperationNameGenerator",
                    "message": "Generating unique operation named: getListUsingGET_5" }
                    
{
                    "app": "Crmeb",
                    "timestamp":"2024-01-14 12:08:35.701",
                    "level": "INFO",
                    "thread": "main",
                    "class": "s.d.s.w.r.o.CachingOperationNameGenerator",
                    "message": "Generating unique operation named: getListUsingGET_6" }
                    
{
                    "app": "Crmeb",
                    "timestamp":"2024-01-14 12:08:35.744",
                    "level": "INFO",
                    "thread": "main",
                    "class": "s.d.s.w.r.o.CachingOperationNameGenerator",
                    "message": "Generating unique operation named: getListUsingGET_7" }
                    
{
                    "app": "Crmeb",
                    "timestamp":"2024-01-14 12:08:35.758",
                    "level": "INFO",
                    "thread": "main",
                    "class": "s.d.s.w.r.o.CachingOperationNameGenerator",
                    "message": "Generating unique operation named: saveUsingPOST_3" }
                    
{
                    "app": "Crmeb",
                    "timestamp":"2024-01-14 12:08:35.774",
                    "level": "INFO",
                    "thread": "main",
                    "class": "s.d.s.w.r.o.CachingOperationNameGenerator",
                    "message": "Generating unique operation named: getListUsingGET_8" }
                    
{
                    "app": "Crmeb",
                    "timestamp":"2024-01-14 12:08:35.783",
                    "level": "INFO",
                    "thread": "main",
                    "class": "s.d.s.w.r.o.CachingOperationNameGenerator",
                    "message": "Generating unique operation named: deleteUsingGET_3" }
                    
{
                    "app": "Crmeb",
                    "timestamp":"2024-01-14 12:08:35.800",
                    "level": "INFO",
                    "thread": "main",
                    "class": "s.d.s.w.r.o.CachingOperationNameGenerator",
                    "message": "Generating unique operation named: getListUsingGET_9" }
                    
{
                    "app": "Crmeb",
                    "timestamp":"2024-01-14 12:08:35.835",
                    "level": "INFO",
                    "thread": "main",
                    "class": "s.d.s.w.r.o.CachingOperationNameGenerator",
                    "message": "Generating unique operation named: infoUsingGET_4" }
                    
{
                    "app": "Crmeb",
                    "timestamp":"2024-01-14 12:08:35.859",
                    "level": "INFO",
                    "thread": "main",
                    "class": "s.d.s.w.r.o.CachingOperationNameGenerator",
                    "message": "Generating unique operation named: getListUsingGET_10" }
                    
{
                    "app": "Crmeb",
                    "timestamp":"2024-01-14 12:08:35.869",
                    "level": "INFO",
                    "thread": "main",
                    "class": "s.d.s.w.r.o.CachingOperationNameGenerator",
                    "message": "Generating unique operation named: deleteUsingGET_4" }
                    
{
                    "app": "Crmeb",
                    "timestamp":"2024-01-14 12:08:35.903",
                    "level": "INFO",
                    "thread": "main",
                    "class": "s.d.s.w.r.o.CachingOperationNameGenerator",
                    "message": "Generating unique operation named: getListUsingGET_11" }
                    
{
                    "app": "Crmeb",
                    "timestamp":"2024-01-14 12:08:35.936",
                    "level": "INFO",
                    "thread": "main",
                    "class": "s.d.s.w.r.o.CachingOperationNameGenerator",
                    "message": "Generating unique operation named: infoUsingGET_5" }
                    
{
                    "app": "Crmeb",
                    "timestamp":"2024-01-14 12:08:35.951",
                    "level": "INFO",
                    "thread": "main",
                    "class": "s.d.s.w.r.o.CachingOperationNameGenerator",
                    "message": "Generating unique operation named: saveUsingPOST_4" }
                    
{
                    "app": "Crmeb",
                    "timestamp":"2024-01-14 12:08:35.952",
                    "level": "INFO",
                    "thread": "main",
                    "class": "s.d.s.w.r.o.CachingOperationNameGenerator",
                    "message": "Generating unique operation named: updateUsingPOST_5" }
                    
{
                    "app": "Crmeb",
                    "timestamp":"2024-01-14 12:08:35.954",
                    "level": "INFO",
                    "thread": "main",
                    "class": "s.d.s.w.r.o.CachingOperationNameGenerator",
                    "message": "Generating unique operation named: deleteUsingGET_5" }
                    
{
                    "app": "Crmeb",
                    "timestamp":"2024-01-14 12:08:35.962",
                    "level": "INFO",
                    "thread": "main",
                    "class": "s.d.s.w.r.o.CachingOperationNameGenerator",
                    "message": "Generating unique operation named: getListUsingGET_12" }
                    
{
                    "app": "Crmeb",
                    "timestamp":"2024-01-14 12:08:35.965",
                    "level": "INFO",
                    "thread": "main",
                    "class": "s.d.s.w.r.o.CachingOperationNameGenerator",
                    "message": "Generating unique operation named: infoUsingGET_6" }
                    
{
                    "app": "Crmeb",
                    "timestamp":"2024-01-14 12:08:35.967",
                    "level": "INFO",
                    "thread": "main",
                    "class": "s.d.s.w.r.o.CachingOperationNameGenerator",
                    "message": "Generating unique operation named: saveUsingPOST_5" }
                    
{
                    "app": "Crmeb",
                    "timestamp":"2024-01-14 12:08:35.968",
                    "level": "INFO",
                    "thread": "main",
                    "class": "s.d.s.w.r.o.CachingOperationNameGenerator",
                    "message": "Generating unique operation named: updateUsingPOST_6" }
                    
{
                    "app": "Crmeb",
                    "timestamp":"2024-01-14 12:08:35.971",
                    "level": "INFO",
                    "thread": "main",
                    "class": "s.d.s.w.r.o.CachingOperationNameGenerator",
                    "message": "Generating unique operation named: deleteUsingGET_6" }
                    
{
                    "app": "Crmeb",
                    "timestamp":"2024-01-14 12:08:35.977",
                    "level": "INFO",
                    "thread": "main",
                    "class": "s.d.s.w.r.o.CachingOperationNameGenerator",
                    "message": "Generating unique operation named: getListUsingGET_13" }
                    
{
                    "app": "Crmeb",
                    "timestamp":"2024-01-14 12:08:35.981",
                    "level": "INFO",
                    "thread": "main",
                    "class": "s.d.s.w.r.o.CachingOperationNameGenerator",
                    "message": "Generating unique operation named: infoUsingGET_7" }
                    
{
                    "app": "Crmeb",
                    "timestamp":"2024-01-14 12:08:35.985",
                    "level": "INFO",
                    "thread": "main",
                    "class": "s.d.s.w.r.o.CachingOperationNameGenerator",
                    "message": "Generating unique operation named: saveUsingPOST_6" }
                    
{
                    "app": "Crmeb",
                    "timestamp":"2024-01-14 12:08:35.988",
                    "level": "INFO",
                    "thread": "main",
                    "class": "s.d.s.w.r.o.CachingOperationNameGenerator",
                    "message": "Generating unique operation named: updateUsingPOST_7" }
                    
{
                    "app": "Crmeb",
                    "timestamp":"2024-01-14 12:08:35.992",
                    "level": "INFO",
                    "thread": "main",
                    "class": "s.d.s.w.r.o.CachingOperationNameGenerator",
                    "message": "Generating unique operation named: deleteUsingGET_7" }
                    
{
                    "app": "Crmeb",
                    "timestamp":"2024-01-14 12:08:36.000",
                    "level": "INFO",
                    "thread": "main",
                    "class": "s.d.s.w.r.o.CachingOperationNameGenerator",
                    "message": "Generating unique operation named: getListUsingGET_14" }
                    
{
                    "app": "Crmeb",
                    "timestamp":"2024-01-14 12:08:36.003",
                    "level": "INFO",
                    "thread": "main",
                    "class": "s.d.s.w.r.o.CachingOperationNameGenerator",
                    "message": "Generating unique operation named: infoUsingGET_8" }
                    
{
                    "app": "Crmeb",
                    "timestamp":"2024-01-14 12:08:36.006",
                    "level": "INFO",
                    "thread": "main",
                    "class": "s.d.s.w.r.o.CachingOperationNameGenerator",
                    "message": "Generating unique operation named: saveUsingPOST_7" }
                    
{
                    "app": "Crmeb",
                    "timestamp":"2024-01-14 12:08:36.007",
                    "level": "INFO",
                    "thread": "main",
                    "class": "s.d.s.w.r.o.CachingOperationNameGenerator",
                    "message": "Generating unique operation named: updateUsingPOST_8" }
                    
{
                    "app": "Crmeb",
                    "timestamp":"2024-01-14 12:08:36.015",
                    "level": "INFO",
                    "thread": "main",
                    "class": "s.d.s.w.r.o.CachingOperationNameGenerator",
                    "message": "Generating unique operation named: getListUsingGET_15" }
                    
{
                    "app": "Crmeb",
                    "timestamp":"2024-01-14 12:08:36.019",
                    "level": "INFO",
                    "thread": "main",
                    "class": "s.d.s.w.r.o.CachingOperationNameGenerator",
                    "message": "Generating unique operation named: getListTreeUsingGET_1" }
                    
{
                    "app": "Crmeb",
                    "timestamp":"2024-01-14 12:08:36.022",
                    "level": "INFO",
                    "thread": "main",
                    "class": "s.d.s.w.r.o.CachingOperationNameGenerator",
                    "message": "Generating unique operation named: infoUsingGET_9" }
                    
{
                    "app": "Crmeb",
                    "timestamp":"2024-01-14 12:08:36.025",
                    "level": "INFO",
                    "thread": "main",
                    "class": "s.d.s.w.r.o.CachingOperationNameGenerator",
                    "message": "Generating unique operation named: updateUsingPOST_9" }
                    
{
                    "app": "Crmeb",
                    "timestamp":"2024-01-14 12:08:36.027",
                    "level": "INFO",
                    "thread": "main",
                    "class": "s.d.s.w.r.o.CachingOperationNameGenerator",
                    "message": "Generating unique operation named: updateStatusUsingPOST_1" }
                    
{
                    "app": "Crmeb",
                    "timestamp":"2024-01-14 12:08:36.037",
                    "level": "INFO",
                    "thread": "main",
                    "class": "s.d.s.w.r.o.CachingOperationNameGenerator",
                    "message": "Generating unique operation named: infoUsingGET_10" }
                    
{
                    "app": "Crmeb",
                    "timestamp":"2024-01-14 12:08:36.054",
                    "level": "INFO",
                    "thread": "main",
                    "class": "s.d.s.w.r.o.CachingOperationNameGenerator",
                    "message": "Generating unique operation named: getListUsingGET_16" }
                    
{
                    "app": "Crmeb",
                    "timestamp":"2024-01-14 12:08:36.055",
                    "level": "INFO",
                    "thread": "main",
                    "class": "s.d.s.w.r.o.CachingOperationNameGenerator",
                    "message": "Generating unique operation named: infoUsingGET_11" }
                    
{
                    "app": "Crmeb",
                    "timestamp":"2024-01-14 12:08:36.057",
                    "level": "INFO",
                    "thread": "main",
                    "class": "s.d.s.w.r.o.CachingOperationNameGenerator",
                    "message": "Generating unique operation named: saveUsingPOST_8" }
                    
{
                    "app": "Crmeb",
                    "timestamp":"2024-01-14 12:08:36.059",
                    "level": "INFO",
                    "thread": "main",
                    "class": "s.d.s.w.r.o.CachingOperationNameGenerator",
                    "message": "Generating unique operation named: updateUsingPOST_10" }
                    
{
                    "app": "Crmeb",
                    "timestamp":"2024-01-14 12:08:36.063",
                    "level": "INFO",
                    "thread": "main",
                    "class": "s.d.s.w.r.o.CachingOperationNameGenerator",
                    "message": "Generating unique operation named: deleteUsingGET_8" }
                    
{
                    "app": "Crmeb",
                    "timestamp":"2024-01-14 12:08:36.068",
                    "level": "INFO",
                    "thread": "main",
                    "class": "s.d.s.w.r.o.CachingOperationNameGenerator",
                    "message": "Generating unique operation named: getListUsingGET_17" }
                    
{
                    "app": "Crmeb",
                    "timestamp":"2024-01-14 12:08:36.071",
                    "level": "INFO",
                    "thread": "main",
                    "class": "s.d.s.w.r.o.CachingOperationNameGenerator",
                    "message": "Generating unique operation named: infoUsingGET_12" }
                    
{
                    "app": "Crmeb",
                    "timestamp":"2024-01-14 12:08:36.073",
                    "level": "INFO",
                    "thread": "main",
                    "class": "s.d.s.w.r.o.CachingOperationNameGenerator",
                    "message": "Generating unique operation named: saveUsingPOST_9" }
                    
{
                    "app": "Crmeb",
                    "timestamp":"2024-01-14 12:08:36.075",
                    "level": "INFO",
                    "thread": "main",
                    "class": "s.d.s.w.r.o.CachingOperationNameGenerator",
                    "message": "Generating unique operation named: updateUsingPOST_11" }
                    
{
                    "app": "Crmeb",
                    "timestamp":"2024-01-14 12:08:36.080",
                    "level": "INFO",
                    "thread": "main",
                    "class": "s.d.s.w.r.o.CachingOperationNameGenerator",
                    "message": "Generating unique operation named: deleteUsingGET_9" }
                    
{
                    "app": "Crmeb",
                    "timestamp":"2024-01-14 12:08:36.087",
                    "level": "INFO",
                    "thread": "main",
                    "class": "s.d.s.w.r.o.CachingOperationNameGenerator",
                    "message": "Generating unique operation named: getListUsingGET_18" }
                    
{
                    "app": "Crmeb",
                    "timestamp":"2024-01-14 12:08:36.089",
                    "level": "INFO",
                    "thread": "main",
                    "class": "s.d.s.w.r.o.CachingOperationNameGenerator",
                    "message": "Generating unique operation named: infoUsingGET_13" }
                    
{
                    "app": "Crmeb",
                    "timestamp":"2024-01-14 12:08:36.090",
                    "level": "INFO",
                    "thread": "main",
                    "class": "s.d.s.w.r.o.CachingOperationNameGenerator",
                    "message": "Generating unique operation named: saveUsingPOST_10" }
                    
{
                    "app": "Crmeb",
                    "timestamp":"2024-01-14 12:08:36.094",
                    "level": "INFO",
                    "thread": "main",
                    "class": "s.d.s.w.r.o.CachingOperationNameGenerator",
                    "message": "Generating unique operation named: updateUsingPOST_12" }
                    
{
                    "app": "Crmeb",
                    "timestamp":"2024-01-14 12:08:36.100",
                    "level": "INFO",
                    "thread": "main",
                    "class": "s.d.s.w.r.o.CachingOperationNameGenerator",
                    "message": "Generating unique operation named: deleteUsingPOST_1" }
                    
{
                    "app": "Crmeb",
                    "timestamp":"2024-01-14 12:08:36.112",
                    "level": "INFO",
                    "thread": "main",
                    "class": "s.d.s.w.r.o.CachingOperationNameGenerator",
                    "message": "Generating unique operation named: getListUsingGET_19" }
                    
{
                    "app": "Crmeb",
                    "timestamp":"2024-01-14 12:08:36.115",
                    "level": "INFO",
                    "thread": "main",
                    "class": "s.d.s.w.r.o.CachingOperationNameGenerator",
                    "message": "Generating unique operation named: infoUsingGET_14" }
                    
{
                    "app": "Crmeb",
                    "timestamp":"2024-01-14 12:08:36.116",
                    "level": "INFO",
                    "thread": "main",
                    "class": "s.d.s.w.r.o.CachingOperationNameGenerator",
                    "message": "Generating unique operation named: updateUsingPOST_13" }
                    
{
                    "app": "Crmeb",
                    "timestamp":"2024-01-14 12:08:36.125",
                    "level": "INFO",
                    "thread": "main",
                    "class": "s.d.s.w.r.o.CachingOperationNameGenerator",
                    "message": "Generating unique operation named: getListUsingGET_20" }
                    
{
                    "app": "Crmeb",
                    "timestamp":"2024-01-14 12:08:36.133",
                    "level": "INFO",
                    "thread": "main",
                    "class": "s.d.s.w.r.o.CachingOperationNameGenerator",
                    "message": "Generating unique operation named: infoUsingGET_15" }
                    
{
                    "app": "Crmeb",
                    "timestamp":"2024-01-14 12:08:36.137",
                    "level": "INFO",
                    "thread": "main",
                    "class": "s.d.s.w.r.o.CachingOperationNameGenerator",
                    "message": "Generating unique operation named: updateUsingPOST_14" }
                    
{
                    "app": "Crmeb",
                    "timestamp":"2024-01-14 12:08:36.140",
                    "level": "INFO",
                    "thread": "main",
                    "class": "s.d.s.w.r.o.CachingOperationNameGenerator",
                    "message": "Generating unique operation named: deleteUsingGET_10" }
                    
{
                    "app": "Crmeb",
                    "timestamp":"2024-01-14 12:08:36.148",
                    "level": "INFO",
                    "thread": "main",
                    "class": "s.d.s.w.r.o.CachingOperationNameGenerator",
                    "message": "Generating unique operation named: getListUsingGET_21" }
                    
{
                    "app": "Crmeb",
                    "timestamp":"2024-01-14 12:08:36.152",
                    "level": "INFO",
                    "thread": "main",
                    "class": "s.d.s.w.r.o.CachingOperationNameGenerator",
                    "message": "Generating unique operation named: infoUsingGET_16" }
                    
{
                    "app": "Crmeb",
                    "timestamp":"2024-01-14 12:08:36.154",
                    "level": "INFO",
                    "thread": "main",
                    "class": "s.d.s.w.r.o.CachingOperationNameGenerator",
                    "message": "Generating unique operation named: saveUsingPOST_11" }
                    
{
                    "app": "Crmeb",
                    "timestamp":"2024-01-14 12:08:36.156",
                    "level": "INFO",
                    "thread": "main",
                    "class": "s.d.s.w.r.o.CachingOperationNameGenerator",
                    "message": "Generating unique operation named: updateUsingPOST_15" }
                    
{
                    "app": "Crmeb",
                    "timestamp":"2024-01-14 12:08:36.157",
                    "level": "INFO",
                    "thread": "main",
                    "class": "s.d.s.w.r.o.CachingOperationNameGenerator",
                    "message": "Generating unique operation named: updateStatusUsingGET_1" }
                    
{
                    "app": "Crmeb",
                    "timestamp":"2024-01-14 12:08:36.160",
                    "level": "INFO",
                    "thread": "main",
                    "class": "s.d.s.w.r.o.CachingOperationNameGenerator",
                    "message": "Generating unique operation named: deleteUsingGET_11" }
                    
{
                    "app": "Crmeb",
                    "timestamp":"2024-01-14 12:08:36.169",
                    "level": "INFO",
                    "thread": "main",
                    "class": "s.d.s.w.r.o.CachingOperationNameGenerator",
                    "message": "Generating unique operation named: getListUsingGET_22" }
                    
{
                    "app": "Crmeb",
                    "timestamp":"2024-01-14 12:08:36.172",
                    "level": "INFO",
                    "thread": "main",
                    "class": "s.d.s.w.r.o.CachingOperationNameGenerator",
                    "message": "Generating unique operation named: infoUsingGET_17" }
                    
{
                    "app": "Crmeb",
                    "timestamp":"2024-01-14 12:08:36.175",
                    "level": "INFO",
                    "thread": "main",
                    "class": "s.d.s.w.r.o.CachingOperationNameGenerator",
                    "message": "Generating unique operation named: saveUsingPOST_12" }
                    
{
                    "app": "Crmeb",
                    "timestamp":"2024-01-14 12:08:36.178",
                    "level": "INFO",
                    "thread": "main",
                    "class": "s.d.s.w.r.o.CachingOperationNameGenerator",
                    "message": "Generating unique operation named: updateUsingPOST_16" }
                    
{
                    "app": "Crmeb",
                    "timestamp":"2024-01-14 12:08:36.180",
                    "level": "INFO",
                    "thread": "main",
                    "class": "s.d.s.w.r.o.CachingOperationNameGenerator",
                    "message": "Generating unique operation named: updateStatusUsingGET_2" }
                    
{
                    "app": "Crmeb",
                    "timestamp":"2024-01-14 12:08:36.183",
                    "level": "INFO",
                    "thread": "main",
                    "class": "s.d.s.w.r.o.CachingOperationNameGenerator",
                    "message": "Generating unique operation named: deleteUsingGET_12" }
                    
{
                    "app": "Crmeb",
                    "timestamp":"2024-01-14 12:08:36.195",
                    "level": "INFO",
                    "thread": "main",
                    "class": "s.d.s.w.r.o.CachingOperationNameGenerator",
                    "message": "Generating unique operation named: getListUsingGET_23" }
                    
{
                    "app": "Crmeb",
                    "timestamp":"2024-01-14 12:08:36.200",
                    "level": "INFO",
                    "thread": "main",
                    "class": "s.d.s.w.r.o.CachingOperationNameGenerator",
                    "message": "Generating unique operation named: infoUsingGET_18" }
                    
{
                    "app": "Crmeb",
                    "timestamp":"2024-01-14 12:08:36.203",
                    "level": "INFO",
                    "thread": "main",
                    "class": "s.d.s.w.r.o.CachingOperationNameGenerator",
                    "message": "Generating unique operation named: saveUsingPOST_13" }
                    
{
                    "app": "Crmeb",
                    "timestamp":"2024-01-14 12:08:36.204",
                    "level": "INFO",
                    "thread": "main",
                    "class": "s.d.s.w.r.o.CachingOperationNameGenerator",
                    "message": "Generating unique operation named: updateUsingPOST_17" }
                    
{
                    "app": "Crmeb",
                    "timestamp":"2024-01-14 12:08:36.206",
                    "level": "INFO",
                    "thread": "main",
                    "class": "s.d.s.w.r.o.CachingOperationNameGenerator",
                    "message": "Generating unique operation named: updateStatusUsingGET_3" }
                    
{
                    "app": "Crmeb",
                    "timestamp":"2024-01-14 12:08:36.207",
                    "level": "INFO",
                    "thread": "main",
                    "class": "s.d.s.w.r.o.CachingOperationNameGenerator",
                    "message": "Generating unique operation named: deleteUsingPOST_2" }
                    
{
                    "app": "Crmeb",
                    "timestamp":"2024-01-14 12:08:36.213",
                    "level": "INFO",
                    "thread": "main",
                    "class": "s.d.s.w.r.o.CachingOperationNameGenerator",
                    "message": "Generating unique operation named: getListUsingGET_24" }
                    
{
                    "app": "Crmeb",
                    "timestamp":"2024-01-14 12:08:36.216",
                    "level": "INFO",
                    "thread": "main",
                    "class": "s.d.s.w.r.o.CachingOperationNameGenerator",
                    "message": "Generating unique operation named: saveUsingPOST_14" }
                    
{
                    "app": "Crmeb",
                    "timestamp":"2024-01-14 12:08:36.217",
                    "level": "INFO",
                    "thread": "main",
                    "class": "s.d.s.w.r.o.CachingOperationNameGenerator",
                    "message": "Generating unique operation named: updateUsingPOST_18" }
                    
{
                    "app": "Crmeb",
                    "timestamp":"2024-01-14 12:08:36.290",
                    "level": "INFO",
                    "thread": "main",
                    "class": "s.d.s.w.r.o.CachingOperationNameGenerator",
                    "message": "Generating unique operation named: getListUsingGET_25" }
                    
{
                    "app": "Crmeb",
                    "timestamp":"2024-01-14 12:08:36.299",
                    "level": "INFO",
                    "thread": "main",
                    "class": "s.d.s.w.r.o.CachingOperationNameGenerator",
                    "message": "Generating unique operation named: infoUsingGET_19" }
                    
{
                    "app": "Crmeb",
                    "timestamp":"2024-01-14 12:08:36.318",
                    "level": "INFO",
                    "thread": "main",
                    "class": "s.d.s.w.r.o.CachingOperationNameGenerator",
                    "message": "Generating unique operation named: updateUsingPOST_19" }
                    
{
                    "app": "Crmeb",
                    "timestamp":"2024-01-14 12:08:36.324",
                    "level": "INFO",
                    "thread": "main",
                    "class": "s.d.s.w.r.o.CachingOperationNameGenerator",
                    "message": "Generating unique operation named: deleteUsingGET_13" }
                    
{
                    "app": "Crmeb",
                    "timestamp":"2024-01-14 12:08:36.330",
                    "level": "INFO",
                    "thread": "main",
                    "class": "s.d.s.w.r.o.CachingOperationNameGenerator",
                    "message": "Generating unique operation named: getListUsingGET_26" }
                    
{
                    "app": "Crmeb",
                    "timestamp":"2024-01-14 12:08:36.332",
                    "level": "INFO",
                    "thread": "main",
                    "class": "s.d.s.w.r.o.CachingOperationNameGenerator",
                    "message": "Generating unique operation named: infoUsingGET_20" }
                    
{
                    "app": "Crmeb",
                    "timestamp":"2024-01-14 12:08:36.337",
                    "level": "INFO",
                    "thread": "main",
                    "class": "s.d.s.w.r.o.CachingOperationNameGenerator",
                    "message": "Generating unique operation named: saveUsingPOST_15" }
                    
{
                    "app": "Crmeb",
                    "timestamp":"2024-01-14 12:08:36.339",
                    "level": "INFO",
                    "thread": "main",
                    "class": "s.d.s.w.r.o.CachingOperationNameGenerator",
                    "message": "Generating unique operation named: updateUsingPOST_20" }
                    
{
                    "app": "Crmeb",
                    "timestamp":"2024-01-14 12:08:36.350",
                    "level": "INFO",
                    "thread": "main",
                    "class": "s.d.s.w.r.o.CachingOperationNameGenerator",
                    "message": "Generating unique operation named: getListUsingPOST_1" }
                    
{
                    "app": "Crmeb",
                    "timestamp":"2024-01-14 12:08:36.355",
                    "level": "INFO",
                    "thread": "main",
                    "class": "s.d.s.w.r.o.CachingOperationNameGenerator",
                    "message": "Generating unique operation named: getListUsingGET_27" }
                    
{
                    "app": "Crmeb",
                    "timestamp":"2024-01-14 12:08:36.366",
                    "level": "INFO",
                    "thread": "main",
                    "class": "s.d.s.w.r.o.CachingOperationNameGenerator",
                    "message": "Generating unique operation named: getListUsingGET_28" }
                    
{
                    "app": "Crmeb",
                    "timestamp":"2024-01-14 12:08:36.369",
                    "level": "INFO",
                    "thread": "main",
                    "class": "s.d.s.w.r.o.CachingOperationNameGenerator",
                    "message": "Generating unique operation named: deleteUsingGET_14" }
                    
{
                    "app": "Crmeb",
                    "timestamp":"2024-01-14 12:08:36.373",
                    "level": "INFO",
                    "thread": "main",
                    "class": "s.d.s.w.r.o.CachingOperationNameGenerator",
                    "message": "Generating unique operation named: getListUsingGET_29" }
                    
{
                    "app": "Crmeb",
                    "timestamp":"2024-01-14 12:08:36.376",
                    "level": "INFO",
                    "thread": "main",
                    "class": "s.d.s.w.r.o.CachingOperationNameGenerator",
                    "message": "Generating unique operation named: infoUsingGET_21" }
                    
{
                    "app": "Crmeb",
                    "timestamp":"2024-01-14 12:08:36.379",
                    "level": "INFO",
                    "thread": "main",
                    "class": "s.d.s.w.r.o.CachingOperationNameGenerator",
                    "message": "Generating unique operation named: saveUsingPOST_16" }
                    
{
                    "app": "Crmeb",
                    "timestamp":"2024-01-14 12:08:36.380",
                    "level": "INFO",
                    "thread": "main",
                    "class": "s.d.s.w.r.o.CachingOperationNameGenerator",
                    "message": "Generating unique operation named: updateUsingPOST_21" }
                    
{
                    "app": "Crmeb",
                    "timestamp":"2024-01-14 12:08:36.388",
                    "level": "INFO",
                    "thread": "main",
                    "class": "s.d.s.w.r.o.CachingOperationNameGenerator",
                    "message": "Generating unique operation named: deleteUsingGET_15" }
                    
{
                    "app": "Crmeb",
                    "timestamp":"2024-01-14 12:08:36.389",
                    "level": "INFO",
                    "thread": "main",
                    "class": "s.d.s.w.r.o.CachingOperationNameGenerator",
                    "message": "Generating unique operation named: getUsingGET_1" }
                    
{
                    "app": "Crmeb",
                    "timestamp":"2024-01-14 12:08:36.400",
                    "level": "INFO",
                    "thread": "main",
                    "class": "s.d.s.w.r.o.CachingOperationNameGenerator",
                    "message": "Generating unique operation named: deleteUsingGET_16" }
                    
{
                    "app": "Crmeb",
                    "timestamp":"2024-01-14 12:08:36.407",
                    "level": "INFO",
                    "thread": "main",
                    "class": "s.d.s.w.r.o.CachingOperationNameGenerator",
                    "message": "Generating unique operation named: getListUsingGET_30" }
                    
{
                    "app": "Crmeb",
                    "timestamp":"2024-01-14 12:08:36.412",
                    "level": "INFO",
                    "thread": "main",
                    "class": "s.d.s.w.r.o.CachingOperationNameGenerator",
                    "message": "Generating unique operation named: infoUsingGET_22" }
                    
{
                    "app": "Crmeb",
                    "timestamp":"2024-01-14 12:08:36.413",
                    "level": "INFO",
                    "thread": "main",
                    "class": "s.d.s.w.r.o.CachingOperationNameGenerator",
                    "message": "Generating unique operation named: infoUsingGET_23" }
                    
{
                    "app": "Crmeb",
                    "timestamp":"2024-01-14 12:08:36.415",
                    "level": "INFO",
                    "thread": "main",
                    "class": "s.d.s.w.r.o.CachingOperationNameGenerator",
                    "message": "Generating unique operation named: saveUsingPOST_17" }
                    
{
                    "app": "Crmeb",
                    "timestamp":"2024-01-14 12:08:36.417",
                    "level": "INFO",
                    "thread": "main",
                    "class": "s.d.s.w.r.o.CachingOperationNameGenerator",
                    "message": "Generating unique operation named: updateUsingPOST_22" }
                    
{
                    "app": "Crmeb",
                    "timestamp":"2024-01-14 12:08:36.418",
                    "level": "INFO",
                    "thread": "main",
                    "class": "s.d.s.w.r.o.CachingOperationNameGenerator",
                    "message": "Generating unique operation named: updateUsingPOST_23" }
                    
{
                    "app": "Crmeb",
                    "timestamp":"2024-01-14 12:08:36.419",
                    "level": "INFO",
                    "thread": "main",
                    "class": "s.d.s.w.r.o.CachingOperationNameGenerator",
                    "message": "Generating unique operation named: updateStatusUsingGET_4" }
                    
{
                    "app": "Crmeb",
                    "timestamp":"2024-01-14 12:08:36.437",
                    "level": "INFO",
                    "thread": "main",
                    "class": "s.d.s.w.s.ApiListingReferenceScanner",
                    "message": "Scanning for api listing references" }
                    
{
                    "app": "Crmeb",
                    "timestamp":"2024-01-14 12:08:36.455",
                    "level": "INFO",
                    "thread": "main",
                    "class": "s.d.s.w.r.o.CachingOperationNameGenerator",
                    "message": "Generating unique operation named: webHookUsingGET_1" }
                    
{
                    "app": "Crmeb",
                    "timestamp":"2024-01-14 12:08:36.456",
                    "level": "INFO",
                    "thread": "main",
                    "class": "s.d.s.w.r.o.CachingOperationNameGenerator",
                    "message": "Generating unique operation named: webHookUsingPOST_1" }
                    
{
                    "app": "Crmeb",
                    "timestamp":"2024-01-14 12:08:36.469",
                    "level": "INFO",
                    "thread": "main",
                    "class": "o.s.s.concurrent.ThreadPoolTaskScheduler",
                    "message": "Initializing ExecutorService" }
                    
{
                    "app": "Crmeb",
                    "timestamp":"2024-01-14 12:08:36.476",
                    "level": "INFO",
                    "thread": "crmeb-scheduled-task-pool-13",
                    "class": "c.z.a.t.w.AsyncWeChatPublicTempMessage",
                    "message": "---AsyncWeChatPublicTempMessage task------produce Data with fixed rate task: Execution Time - 20240114" }
                    
{
                    "app": "Crmeb",
                    "timestamp":"2024-01-14 12:08:36.476",
                    "level": "INFO",
                    "thread": "crmeb-scheduled-task-pool-12",
                    "class": "c.z.a.t.w.AsyncWeChatProgramTempMessage",
                    "message": "---AsyncWeChatProgramTempMessage task------produce Data with fixed rate task: Execution Time - 20240114" }
                    
{
                    "app": "Crmeb",
                    "timestamp":"2024-01-14 12:08:36.479",
                    "level": "INFO",
                    "thread": "crmeb-scheduled-task-pool-11",
                    "class": "c.z.admin.task.product.ProductStockTask",
                    "message": "---OrderTakeByUser task------produce Data with fixed rate task: Execution Time - Sun Jan 14 12:08:36 CST 2024" }
                    
{
                    "app": "Crmeb",
                    "timestamp":"2024-01-14 12:08:36.479",
                    "level": "INFO",
                    "thread": "crmeb-scheduled-task-pool-1",
                    "class": "c.zbkj.admin.task.order.OrderReceiptTask",
                    "message": "---BrokerageFrozenTask task------produce Data with fixed rate task: Execution Time - Sun Jan 14 12:08:36 CST 2024" }
                    
{
                    "app": "Crmeb",
                    "timestamp":"2024-01-14 12:08:36.479",
                    "level": "INFO",
                    "thread": "crmeb-scheduled-task-pool-7",
                    "class": "c.z.admin.task.order.OrderCompleteTask",
                    "message": "---OrderCompleteTask task------produce Data with fixed rate task: Execution Time - Sun Jan 14 12:08:36 CST 2024" }
                    
{
                    "app": "Crmeb",
                    "timestamp":"2024-01-14 12:08:36.479",
                    "level": "INFO",
                    "thread": "crmeb-scheduled-task-pool-5",
                    "class": "c.z.admin.task.order.OrderCompleteTask",
                    "message": "---OrderAutoCompleteTask task------produce Data with fixed rate task: Execution Time - Sun Jan 14 12:08:36 CST 2024" }
                    
{
                    "app": "Crmeb",
                    "timestamp":"2024-01-14 12:08:36.480",
                    "level": "INFO",
                    "thread": "crmeb-scheduled-task-pool-10",
                    "class": "c.zbkj.admin.task.order.OrderRefundTask",
                    "message": "---OrderRefundTask task------produce Data with fixed rate task: Execution Time - Sun Jan 14 12:08:36 CST 2024" }
                    
{
                    "app": "Crmeb",
                    "timestamp":"2024-01-14 12:08:36.480",
                    "level": "INFO",
                    "thread": "crmeb-scheduled-task-pool-4",
                    "class": "c.z.admin.task.order.OrderAutoCancelTask",
                    "message": "---OrderAutoCancelTask task------produce Data with fixed rate task: Execution Time - Sun Jan 14 12:08:36 CST 2024" }
                    
{
                    "app": "Crmeb",
                    "timestamp":"2024-01-14 12:08:36.479",
                    "level": "INFO",
                    "thread": "crmeb-scheduled-task-pool-2",
                    "class": "c.z.admin.task.coupon.CouponOverdueTask",
                    "message": "---CouponOverdueTask task------produce Data with fixed rate task: Execution Time - Sun Jan 14 12:08:36 CST 2024" }
                    
{
                    "app": "Crmeb",
                    "timestamp":"2024-01-14 12:08:36.479",
                    "level": "INFO",
                    "thread": "crmeb-scheduled-task-pool-6",
                    "class": "c.zbkj.admin.task.order.OrderCancelTask",
                    "message": "---OrderCancelTask task------produce Data with fixed rate task: Execution Time - Sun Jan 14 12:08:36 CST 2024" }
                    
{
                    "app": "Crmeb",
                    "timestamp":"2024-01-14 12:08:36.479",
                    "level": "INFO",
                    "thread": "crmeb-scheduled-task-pool-9",
                    "class": "c.zbkj.admin.task.order.OrderReceiptTask",
                    "message": "---OrderReceiptTask task------produce Data with fixed rate task: Execution Time - Sun Jan 14 12:08:36 CST 2024" }
                    
{
                    "app": "Crmeb",
                    "timestamp":"2024-01-14 12:08:36.479",
                    "level": "INFO",
                    "thread": "crmeb-scheduled-task-pool-8",
                    "class": "c.z.admin.task.order.OrderPaySuccessTask",
                    "message": "---OrderPaySuccessTask task------produce Data with fixed rate task: Execution Time - Sun Jan 14 12:08:36 CST 2024" }
                    
{
                    "app": "Crmeb",
                    "timestamp":"2024-01-14 12:08:36.481",
                    "level": "INFO",
                    "thread": "main",
                    "class": "o.apache.coyote.http11.Http11NioProtocol",
                    "message": "Starting ProtocolHandler ["http-nio-8008"]" }
                    
{
                    "app": "Crmeb",
                    "timestamp":"2024-01-14 12:08:36.479",
                    "level": "INFO",
                    "thread": "crmeb-scheduled-task-pool-3",
                    "class": "c.z.a.task.integral.IntegralFrozenTask",
                    "message": "---IntegralFrozenTask task------produce Data with fixed rate task: Execution Time - Sun Jan 14 12:08:36 CST 2024" }
                    
{
                    "app": "Crmeb",
                    "timestamp":"2024-01-14 12:08:36.549",
                    "level": "INFO",
                    "thread": "main",
                    "class": "o.s.b.w.embedded.tomcat.TomcatWebServer",
                    "message": "Tomcat started on port(s): 8008 (http) with context path ''" }
                    
{
                    "app": "Crmeb",
                    "timestamp":"2024-01-14 12:08:36.554",
                    "level": "INFO",
                    "thread": "main",
                    "class": "com.zbkj.admin.CrmebAdminApplication",
                    "message": "Started CrmebAdminApplication in 13.593 seconds (JVM running for 16.321)" }
                    
{
                    "app": "Crmeb",
                    "timestamp":"2024-01-14 12:08:36.632",
                    "level": "INFO",
                    "thread": "crmeb-scheduled-task-pool-4",
                    "class": "c.z.s.service.impl.OrderTaskServiceImpl",
                    "message": "OrderTaskServiceImpl.autoCancel | size:0" }
                    
{
                    "app": "Crmeb",
                    "timestamp":"2024-01-14 12:08:36.632",
                    "level": "INFO",
                    "thread": "crmeb-scheduled-task-pool-6",
                    "class": "c.z.s.service.impl.OrderTaskServiceImpl",
                    "message": "OrderTaskServiceImpl.cancelByUser | size:0" }
                    
{
                    "app": "Crmeb",
                    "timestamp":"2024-01-14 12:08:36.632",
                    "level": "INFO",
                    "thread": "crmeb-scheduled-task-pool-7",
                    "class": "c.z.s.service.impl.OrderTaskServiceImpl",
                    "message": "OrderTaskServiceImpl.complete | size:0" }
                    
{
                    "app": "Crmeb",
                    "timestamp":"2024-01-14 12:08:36.633",
                    "level": "INFO",
                    "thread": "crmeb-scheduled-task-pool-11",
                    "class": "c.z.s.s.impl.StoreProductServiceImpl",
                    "message": "StoreProductServiceImpl.doProductStock | size:0" }
                    
{
                    "app": "Crmeb",
                    "timestamp":"2024-01-14 12:08:36.633",
                    "level": "INFO",
                    "thread": "crmeb-scheduled-task-pool-10",
                    "class": "c.z.s.service.impl.OrderTaskServiceImpl",
                    "message": "OrderTaskServiceImpl.refundApply | size:0" }
                    
{
                    "app": "Crmeb",
                    "timestamp":"2024-01-14 12:08:36.633",
                    "level": "INFO",
                    "thread": "crmeb-scheduled-task-pool-13",
                    "class": "c.z.s.s.impl.TemplateMessageServiceImpl",
                    "message": "TemplateMessageServiceImpl.consumePublic | size:0" }
                    
{
                    "app": "Crmeb",
                    "timestamp":"2024-01-14 12:08:36.636",
                    "level": "INFO",
                    "thread": "crmeb-scheduled-task-pool-8",
                    "class": "c.z.s.service.impl.OrderTaskServiceImpl",
                    "message": "OrderTaskServiceImpl.orderPaySuccessAfter | size:0" }
                    
{
                    "app": "Crmeb",
                    "timestamp":"2024-01-14 12:08:36.636",
                    "level": "INFO",
                    "thread": "crmeb-scheduled-task-pool-12",
                    "class": "c.z.s.s.impl.TemplateMessageServiceImpl",
                    "message": "TemplateMessageServiceImpl.consumeProgram | size:0" }
                    
{
                    "app": "Crmeb",
                    "timestamp":"2024-01-14 12:08:36.636",
                    "level": "INFO",
                    "thread": "crmeb-scheduled-task-pool-9",
                    "class": "c.z.s.service.impl.OrderTaskServiceImpl",
                    "message": "OrderTaskServiceImpl.orderReceiving | size:0" }
                    
{
                    "app": "Crmeb",
                    "timestamp":"2024-01-14 12:08:36.682",
                    "level": "INFO",
                    "thread": "crmeb-scheduled-task-pool-1",
                    "class": "com.alibaba.druid.pool.DruidDataSource",
                    "message": "{dataSource-1} inited" }
                    
{
                    "app": "Crmeb",
                    "timestamp":"2024-01-14 12:08:36.692",
                    "level": "INFO",
                    "thread": "RMI TCP Connection(5)-192.168.3.91",
                    "class": "o.a.c.c.C.[Tomcat].[localhost].[/]",
                    "message": "Initializing Spring DispatcherServlet 'dispatcherServlet'" }
                    
{
                    "app": "Crmeb",
                    "timestamp":"2024-01-14 12:08:36.693",
                    "level": "INFO",
                    "thread": "RMI TCP Connection(5)-192.168.3.91",
                    "class": "o.s.web.servlet.DispatcherServlet",
                    "message": "Initializing Servlet 'dispatcherServlet'" }
                    
{
                    "app": "Crmeb",
                    "timestamp":"2024-01-14 12:08:36.713",
                    "level": "INFO",
                    "thread": "RMI TCP Connection(5)-192.168.3.91",
                    "class": "o.s.web.servlet.DispatcherServlet",
                    "message": "Completed initialization in 20 ms" }
                    
{
                    "app": "Crmeb",
                    "timestamp":"2024-01-14 12:08:40.033",
                    "level": "INFO",
                    "thread": "SpringContextShutdownHook",
                    "class": "o.s.s.concurrent.ThreadPoolTaskExecutor",
                    "message": "Shutting down ExecutorService 'taskExecutor'" }
                    
{
                    "app": "Crmeb",
                    "timestamp":"2024-01-14 12:08:40.044",
                    "level": "INFO",
                    "thread": "SpringContextShutdownHook",
                    "class": "com.alibaba.druid.pool.DruidDataSource",
                    "message": "{dataSource-1} closing ..." }
                    
{
                    "app": "Crmeb",
                    "timestamp":"2024-01-14 12:08:40.049",
                    "level": "INFO",
                    "thread": "SpringContextShutdownHook",
                    "class": "com.alibaba.druid.pool.DruidDataSource",
                    "message": "{dataSource-1} closed" }
                    
